[02:19:26:035] [DEBUG] - org.apache.ibatis.logging.LogFactory.setImplementation(LogFactory.java:135) - Logging initialized using 'class org.apache.ibatis.logging.log4j2.Log4j2Impl' adapter.
[02:19:26:900] [INFO] - org.springframework.scheduling.annotation.ScheduledAnnotationBeanPostProcessor.finishRegistration(ScheduledAnnotationBeanPostProcessor.java:275) - No TaskScheduler/ScheduledExecutorService bean found for scheduled processing
[02:19:50:683] [DEBUG] - org.apache.ibatis.logging.jdbc.BaseJdbcLogger.debug(BaseJdbcLogger.java:159) - ==>  Preparing: SELECT art_id, title, content, click, time, pic_url, user FROM article WHERE `delete` = 0 AND `show` = 1 ORDER BY click DESC LIMIT 0, ? 
[02:19:50:702] [DEBUG] - org.apache.ibatis.logging.jdbc.BaseJdbcLogger.debug(BaseJdbcLogger.java:159) - ==> Parameters: 5(Integer)
[02:19:50:752] [ERROR] - com.lx.animation.article.ArticleServiceImpl.getArticleList(ArticleServiceImpl.java:42) - articleDao.listByClick fail
[02:19:50:753] [DEBUG] - org.apache.ibatis.logging.jdbc.BaseJdbcLogger.debug(BaseJdbcLogger.java:159) - ==>  Preparing: select l.list_id,l.title,l.time,l.pic_url,l.user,l.click,max(epi) as maxEpi from video_list as l left join (select * from video where video.`show`=1)as v on l.list_id=v.list_id where l.`show`=1 group by l.list_id,l.title,l.time,l.pic_url,l.user,l.click order by l.time desc limit ? 
[02:19:50:754] [DEBUG] - org.apache.ibatis.logging.jdbc.BaseJdbcLogger.debug(BaseJdbcLogger.java:159) - ==> Parameters: 5(Integer)
[02:19:50:779] [DEBUG] - org.apache.ibatis.logging.jdbc.BaseJdbcLogger.debug(BaseJdbcLogger.java:159) - <==      Total: 5
[02:19:50:781] [DEBUG] - org.apache.ibatis.logging.jdbc.BaseJdbcLogger.debug(BaseJdbcLogger.java:159) - ==>  Preparing: select l.list_id,l.title,l.time,l.pic_url,l.user,l.click,max(epi) as maxEpi from video_list as l left join (select * from video where video.`show`=1) as v on l.list_id=v.list_id where l.`show`=1 group by l.list_id,l.title,l.time,l.pic_url,l.user,l.click order by l.click desc limit ? 
[02:19:50:781] [DEBUG] - org.apache.ibatis.logging.jdbc.BaseJdbcLogger.debug(BaseJdbcLogger.java:159) - ==> Parameters: 5(Integer)
[02:19:50:786] [DEBUG] - org.apache.ibatis.logging.jdbc.BaseJdbcLogger.debug(BaseJdbcLogger.java:159) - <==      Total: 5
[02:19:50:787] [DEBUG] - org.apache.ibatis.logging.jdbc.BaseJdbcLogger.debug(BaseJdbcLogger.java:159) - ==>  Preparing: select pic_url, info, id from adv where type = 1; 
[02:19:50:787] [DEBUG] - org.apache.ibatis.logging.jdbc.BaseJdbcLogger.debug(BaseJdbcLogger.java:159) - ==> Parameters: 
[02:19:50:791] [DEBUG] - org.apache.ibatis.logging.jdbc.BaseJdbcLogger.debug(BaseJdbcLogger.java:159) - <==      Total: 1
[02:19:50:792] [DEBUG] - org.apache.ibatis.logging.jdbc.BaseJdbcLogger.debug(BaseJdbcLogger.java:159) - ==>  Preparing: select pic_url, info, id from adv where type = 2 order by rank 
[02:19:50:792] [DEBUG] - org.apache.ibatis.logging.jdbc.BaseJdbcLogger.debug(BaseJdbcLogger.java:159) - ==> Parameters: 
[02:19:50:794] [DEBUG] - org.apache.ibatis.logging.jdbc.BaseJdbcLogger.debug(BaseJdbcLogger.java:159) - <==      Total: 2
[02:19:50:795] [DEBUG] - org.apache.ibatis.logging.jdbc.BaseJdbcLogger.debug(BaseJdbcLogger.java:159) - ==>  Preparing: UPDATE web_info SET cnt=cnt+1 WHERE solt=round(rand()*100+1); 
[02:19:50:796] [DEBUG] - org.apache.ibatis.logging.jdbc.BaseJdbcLogger.debug(BaseJdbcLogger.java:159) - ==> Parameters: 
[02:19:50:799] [DEBUG] - org.apache.ibatis.logging.jdbc.BaseJdbcLogger.debug(BaseJdbcLogger.java:159) - <==    Updates: 0
[02:20:00:001] [DEBUG] - org.apache.ibatis.logging.jdbc.BaseJdbcLogger.debug(BaseJdbcLogger.java:159) - ==>  Preparing: UPDATE article SET processor = '', art_state = 'unprocessed' WHERE art_state = 'processing' AND DATE_SUB(current_timestamp(), INTERVAL 1 MINUTE) > link_time 
[02:20:00:004] [DEBUG] - org.apache.ibatis.logging.jdbc.BaseJdbcLogger.debug(BaseJdbcLogger.java:159) - ==> Parameters: 
[02:20:00:007] [DEBUG] - org.apache.ibatis.logging.jdbc.BaseJdbcLogger.debug(BaseJdbcLogger.java:159) - <==    Updates: 0
[02:20:04:391] [DEBUG] - org.apache.ibatis.logging.jdbc.BaseJdbcLogger.debug(BaseJdbcLogger.java:159) - ==>  Preparing: SELECT id, user, password, last_time, now_ip, last_ip FROM admin WHERE user = ? AND password = md5(?) 
[02:20:04:392] [DEBUG] - org.apache.ibatis.logging.jdbc.BaseJdbcLogger.debug(BaseJdbcLogger.java:159) - ==> Parameters: root(String), gTkI3Q8(String)
[02:20:04:402] [DEBUG] - org.apache.ibatis.logging.jdbc.BaseJdbcLogger.debug(BaseJdbcLogger.java:159) - <==      Total: 1
[02:20:05:918] [DEBUG] - org.apache.ibatis.logging.jdbc.BaseJdbcLogger.debug(BaseJdbcLogger.java:159) - ==>  Preparing: SELECT count(*) FROM admin 
[02:20:05:919] [DEBUG] - org.apache.ibatis.logging.jdbc.BaseJdbcLogger.debug(BaseJdbcLogger.java:159) - ==> Parameters: 
[02:20:05:921] [DEBUG] - org.apache.ibatis.logging.jdbc.BaseJdbcLogger.debug(BaseJdbcLogger.java:159) - <==      Total: 1
[02:20:05:922] [DEBUG] - org.apache.ibatis.logging.jdbc.BaseJdbcLogger.debug(BaseJdbcLogger.java:159) - ==>  Preparing: SELECT count(*) FROM article 
[02:20:05:923] [DEBUG] - org.apache.ibatis.logging.jdbc.BaseJdbcLogger.debug(BaseJdbcLogger.java:159) - ==> Parameters: 
[02:20:05:924] [DEBUG] - org.apache.ibatis.logging.jdbc.BaseJdbcLogger.debug(BaseJdbcLogger.java:159) - <==      Total: 1
[02:20:05:925] [DEBUG] - org.apache.ibatis.logging.jdbc.BaseJdbcLogger.debug(BaseJdbcLogger.java:159) - ==>  Preparing: SELECT count(user) FROM users 
[02:20:05:926] [DEBUG] - org.apache.ibatis.logging.jdbc.BaseJdbcLogger.debug(BaseJdbcLogger.java:159) - ==> Parameters: 
[02:20:05:929] [DEBUG] - org.apache.ibatis.logging.jdbc.BaseJdbcLogger.debug(BaseJdbcLogger.java:159) - <==      Total: 1
[02:20:05:930] [DEBUG] - org.apache.ibatis.logging.jdbc.BaseJdbcLogger.debug(BaseJdbcLogger.java:159) - ==>  Preparing: select count(list_id) from video_list 
[02:20:05:931] [DEBUG] - org.apache.ibatis.logging.jdbc.BaseJdbcLogger.debug(BaseJdbcLogger.java:159) - ==> Parameters: 
[02:20:05:932] [DEBUG] - org.apache.ibatis.logging.jdbc.BaseJdbcLogger.debug(BaseJdbcLogger.java:159) - <==      Total: 1
[02:20:05:933] [DEBUG] - org.apache.ibatis.logging.jdbc.BaseJdbcLogger.debug(BaseJdbcLogger.java:159) - ==>  Preparing: select count(vid) from video 
[02:20:05:933] [DEBUG] - org.apache.ibatis.logging.jdbc.BaseJdbcLogger.debug(BaseJdbcLogger.java:159) - ==> Parameters: 
[02:20:05:935] [DEBUG] - org.apache.ibatis.logging.jdbc.BaseJdbcLogger.debug(BaseJdbcLogger.java:159) - <==      Total: 1
[02:20:05:936] [DEBUG] - org.apache.ibatis.logging.jdbc.BaseJdbcLogger.debug(BaseJdbcLogger.java:159) - ==>  Preparing: SELECT COUNT(*) FROM article WHERE art_state != ? 
[02:20:05:936] [DEBUG] - org.apache.ibatis.logging.jdbc.BaseJdbcLogger.debug(BaseJdbcLogger.java:159) - ==> Parameters: unprocessed(String)
[02:20:05:937] [DEBUG] - org.apache.ibatis.logging.jdbc.BaseJdbcLogger.debug(BaseJdbcLogger.java:159) - <==      Total: 1
[02:20:05:938] [DEBUG] - org.apache.ibatis.logging.jdbc.BaseJdbcLogger.debug(BaseJdbcLogger.java:159) - ==>  Preparing: select count(list_id) from video_list where `show`=? and `delete`=0 
[02:20:05:939] [DEBUG] - org.apache.ibatis.logging.jdbc.BaseJdbcLogger.debug(BaseJdbcLogger.java:159) - ==> Parameters: 1(Integer)
[02:20:05:940] [DEBUG] - org.apache.ibatis.logging.jdbc.BaseJdbcLogger.debug(BaseJdbcLogger.java:159) - <==      Total: 1
[02:20:05:941] [DEBUG] - org.apache.ibatis.logging.jdbc.BaseJdbcLogger.debug(BaseJdbcLogger.java:159) - ==>  Preparing: select count(vid) from video where `show`=1 
[02:20:05:941] [DEBUG] - org.apache.ibatis.logging.jdbc.BaseJdbcLogger.debug(BaseJdbcLogger.java:159) - ==> Parameters: 
[02:20:05:942] [DEBUG] - org.apache.ibatis.logging.jdbc.BaseJdbcLogger.debug(BaseJdbcLogger.java:159) - <==      Total: 1
[02:20:05:944] [DEBUG] - org.apache.ibatis.logging.jdbc.BaseJdbcLogger.debug(BaseJdbcLogger.java:159) - ==>  Preparing: SELECT count(user) FROM users WHERE seal = ? 
[02:20:05:944] [DEBUG] - org.apache.ibatis.logging.jdbc.BaseJdbcLogger.debug(BaseJdbcLogger.java:159) - ==> Parameters: 0(Integer)
[02:20:05:946] [DEBUG] - org.apache.ibatis.logging.jdbc.BaseJdbcLogger.debug(BaseJdbcLogger.java:159) - <==      Total: 1
[02:20:05:947] [DEBUG] - org.apache.ibatis.logging.jdbc.BaseJdbcLogger.debug(BaseJdbcLogger.java:159) - ==>  Preparing: SELECT count(user) FROM users WHERE seal = ? 
[02:20:05:948] [DEBUG] - org.apache.ibatis.logging.jdbc.BaseJdbcLogger.debug(BaseJdbcLogger.java:159) - ==> Parameters: 1(Integer)
[02:20:05:949] [DEBUG] - org.apache.ibatis.logging.jdbc.BaseJdbcLogger.debug(BaseJdbcLogger.java:159) - <==      Total: 1
[02:20:05:950] [DEBUG] - org.apache.ibatis.logging.jdbc.BaseJdbcLogger.debug(BaseJdbcLogger.java:159) - ==>  Preparing: SELECT sum(cnt) FROM web_info; 
[02:20:05:950] [DEBUG] - org.apache.ibatis.logging.jdbc.BaseJdbcLogger.debug(BaseJdbcLogger.java:159) - ==> Parameters: 
[02:20:05:953] [DEBUG] - org.apache.ibatis.logging.jdbc.BaseJdbcLogger.debug(BaseJdbcLogger.java:159) - <==      Total: 1
[02:40:00:000] [DEBUG] - org.apache.ibatis.logging.jdbc.BaseJdbcLogger.debug(BaseJdbcLogger.java:159) - ==>  Preparing: UPDATE article SET processor = '', art_state = 'unprocessed' WHERE art_state = 'processing' AND DATE_SUB(current_timestamp(), INTERVAL 1 MINUTE) > link_time 
[02:40:00:002] [DEBUG] - org.apache.ibatis.logging.jdbc.BaseJdbcLogger.debug(BaseJdbcLogger.java:159) - ==> Parameters: 
[02:40:00:004] [DEBUG] - org.apache.ibatis.logging.jdbc.BaseJdbcLogger.debug(BaseJdbcLogger.java:159) - <==    Updates: 0
